  소스.c
C:\Users\CSE6P26\Downloads\comcom\Compiler\소스.c(69,34): warning C4267:  '=': 'size_t'에서 'int'(으)로 변환하면서 데이터가 손실될 수 있습니다.
C:\Users\CSE6P26\Downloads\comcom\Compiler\소스.c(83,21): warning C4013:  'checkTerminate'이(가) 정의되지 않았습니다. extern은 int형을 반환하는 것으로 간주합니다.
C:\Users\CSE6P26\Downloads\comcom\Compiler\소스.c(85,20): warning C4013:  'checkOperator'이(가) 정의되지 않았습니다. extern은 int형을 반환하는 것으로 간주합니다.
C:\Users\CSE6P26\Downloads\comcom\Compiler\소스.c(87,22): warning C4013:  'checkWhiteSpace'이(가) 정의되지 않았습니다. extern은 int형을 반환하는 것으로 간주합니다.
C:\Users\CSE6P26\Downloads\comcom\Compiler\소스.c(89,16): warning C4013:  'checkWord'이(가) 정의되지 않았습니다. extern은 int형을 반환하는 것으로 간주합니다.
C:\Users\CSE6P26\Downloads\comcom\Compiler\소스.c(91,19): warning C4013:  'checkInteger'이(가) 정의되지 않았습니다. extern은 int형을 반환하는 것으로 간주합니다.
C:\Users\CSE6P26\Downloads\comcom\Compiler\소스.c(93,17): warning C4013:  'checkComma'이(가) 정의되지 않았습니다. extern은 int형을 반환하는 것으로 간주합니다.
C:\Users\CSE6P26\Downloads\comcom\Compiler\소스.c(95,19): warning C4013:  'checkLiteral'이(가) 정의되지 않았습니다. extern은 int형을 반환하는 것으로 간주합니다.
C:\Users\CSE6P26\Downloads\comcom\Compiler\소스.c(73,9): warning C4101:  'row' :참조되지 않은 지역 변수입니다.
C:\Users\CSE6P26\Downloads\comcom\Compiler\소스.c(73,6): warning C4101:  'i' :참조되지 않은 지역 변수입니다.
C:\Users\CSE6P26\Downloads\comcom\Compiler\소스.c(119,20): warning C4047:  '함수': 'int'의 간접 참조 수준이 'void *'과(와) 다릅니다.
C:\Users\CSE6P26\Downloads\comcom\Compiler\소스.c(119,20): warning C4024:  'memset': 형식 및 실제 매개 변수 2의 형식이 서로 다릅니다.
C:\Users\CSE6P26\Downloads\comcom\Compiler\소스.c(117,33): warning C4101:  'j' :참조되지 않은 지역 변수입니다.
C:\Users\CSE6P26\Downloads\comcom\Compiler\소스.c(134,20): warning C4047:  '함수': 'int'의 간접 참조 수준이 'void *'과(와) 다릅니다.
C:\Users\CSE6P26\Downloads\comcom\Compiler\소스.c(134,20): warning C4024:  'memset': 형식 및 실제 매개 변수 2의 형식이 서로 다릅니다.
C:\Users\CSE6P26\Downloads\comcom\Compiler\소스.c(132,33): warning C4101:  'j' :참조되지 않은 지역 변수입니다.
C:\Users\CSE6P26\Downloads\comcom\Compiler\소스.c(149,20): warning C4047:  '함수': 'int'의 간접 참조 수준이 'void *'과(와) 다릅니다.
C:\Users\CSE6P26\Downloads\comcom\Compiler\소스.c(149,20): warning C4024:  'memset': 형식 및 실제 매개 변수 2의 형식이 서로 다릅니다.
C:\Users\CSE6P26\Downloads\comcom\Compiler\소스.c(147,33): warning C4101:  'j' :참조되지 않은 지역 변수입니다.
C:\Users\CSE6P26\Downloads\comcom\Compiler\소스.c(164,20): warning C4047:  '함수': 'int'의 간접 참조 수준이 'void *'과(와) 다릅니다.
C:\Users\CSE6P26\Downloads\comcom\Compiler\소스.c(164,20): warning C4024:  'memset': 형식 및 실제 매개 변수 2의 형식이 서로 다릅니다.
C:\Users\CSE6P26\Downloads\comcom\Compiler\소스.c(162,33): warning C4101:  'j' :참조되지 않은 지역 변수입니다.
C:\Users\CSE6P26\Downloads\comcom\Compiler\소스.c(179,20): warning C4047:  '함수': 'int'의 간접 참조 수준이 'void *'과(와) 다릅니다.
C:\Users\CSE6P26\Downloads\comcom\Compiler\소스.c(179,20): warning C4024:  'memset': 형식 및 실제 매개 변수 2의 형식이 서로 다릅니다.
C:\Users\CSE6P26\Downloads\comcom\Compiler\소스.c(177,33): warning C4101:  'j' :참조되지 않은 지역 변수입니다.
C:\Users\CSE6P26\Downloads\comcom\Compiler\소스.c(194,20): warning C4047:  '함수': 'int'의 간접 참조 수준이 'void *'과(와) 다릅니다.
C:\Users\CSE6P26\Downloads\comcom\Compiler\소스.c(194,20): warning C4024:  'memset': 형식 및 실제 매개 변수 2의 형식이 서로 다릅니다.
C:\Users\CSE6P26\Downloads\comcom\Compiler\소스.c(285,46): warning C4013:  'checkLetter'이(가) 정의되지 않았습니다. extern은 int형을 반환하는 것으로 간주합니다.
C:\Users\CSE6P26\Downloads\comcom\Compiler\소스.c(295,44): warning C4013:  'checkDigit'이(가) 정의되지 않았습니다. extern은 int형을 반환하는 것으로 간주합니다.
C:\Users\CSE6P26\Downloads\comcom\Compiler\소스.c(192,33): warning C4101:  'j' :참조되지 않은 지역 변수입니다.
C:\Users\CSE6P26\Downloads\comcom\Compiler\소스.c(339,20): warning C4047:  '함수': 'int'의 간접 참조 수준이 'void *'과(와) 다릅니다.
C:\Users\CSE6P26\Downloads\comcom\Compiler\소스.c(339,20): warning C4024:  'memset': 형식 및 실제 매개 변수 2의 형식이 서로 다릅니다.
C:\Users\CSE6P26\Downloads\comcom\Compiler\소스.c(337,33): warning C4101:  'j' :참조되지 않은 지역 변수입니다.
C:\Users\CSE6P26\Downloads\comcom\Compiler\소스.c(400,20): warning C4047:  '함수': 'int'의 간접 참조 수준이 'void *'과(와) 다릅니다.
C:\Users\CSE6P26\Downloads\comcom\Compiler\소스.c(400,20): warning C4024:  'memset': 형식 및 실제 매개 변수 2의 형식이 서로 다릅니다.
C:\Users\CSE6P26\Downloads\comcom\Compiler\소스.c(412,22): warning C4047:  '==': 'int'의 간접 참조 수준이 'void *'과(와) 다릅니다.
C:\Users\CSE6P26\Downloads\comcom\Compiler\소스.c(398,33): warning C4101:  'j' :참조되지 않은 지역 변수입니다.
C:\Users\CSE6P26\Downloads\comcom\Compiler\소스.c(444,20): warning C4047:  '함수': 'int'의 간접 참조 수준이 'void *'과(와) 다릅니다.
C:\Users\CSE6P26\Downloads\comcom\Compiler\소스.c(444,20): warning C4024:  'memset': 형식 및 실제 매개 변수 2의 형식이 서로 다릅니다.
C:\Users\CSE6P26\Downloads\comcom\Compiler\소스.c(454,15): warning C4013:  'checkFloat'이(가) 정의되지 않았습니다. extern은 int형을 반환하는 것으로 간주합니다.
C:\Users\CSE6P26\Downloads\comcom\Compiler\소스.c(515,22): warning C4047:  '==': 'int'의 간접 참조 수준이 'void *'과(와) 다릅니다.
C:\Users\CSE6P26\Downloads\comcom\Compiler\소스.c(540,28): warning C4047:  '=': 'char'의 간접 참조 수준이 'void *'과(와) 다릅니다.
C:\Users\CSE6P26\Downloads\comcom\Compiler\소스.c(563,20): warning C4047:  '함수': 'int'의 간접 참조 수준이 'void *'과(와) 다릅니다.
C:\Users\CSE6P26\Downloads\comcom\Compiler\소스.c(563,20): warning C4024:  'memset': 형식 및 실제 매개 변수 2의 형식이 서로 다릅니다.
C:\Users\CSE6P26\Downloads\comcom\Compiler\소스.c(561,33): warning C4101:  'j' :참조되지 않은 지역 변수입니다.
C:\Users\CSE6P26\Downloads\comcom\Compiler\소스.c(577,20): warning C4047:  '함수': 'int'의 간접 참조 수준이 'void *'과(와) 다릅니다.
C:\Users\CSE6P26\Downloads\comcom\Compiler\소스.c(577,20): warning C4024:  'memset': 형식 및 실제 매개 변수 2의 형식이 서로 다릅니다.
  Project2.vcxproj -> C:\Users\CSE6P26\Downloads\comcom\Compiler\x64\Debug\Project2.exe
